<?xml version="1.0" encoding="UTF-8"?>
<!-- Generated by org.testng.reporters.JUnitXMLReporter -->
<testsuite ignored="0" hostname="Zypherus-G14" failures="1" tests="3" name="Error Validation" time="12.158" errors="0" timestamp="2024-11-17T15:03:36 IST">
  <testcase classname="com.Initial.ErrorValidations" name="wrongLogin" time="1.113">
    <skipped/>
  </testcase> <!-- wrongLogin -->
  <testcase classname="com.Initial.ErrorValidations" name="wrongLogin" time="0.679">
    <failure type="java.lang.AssertionError" message="expected [Incorrect email or sapassword.] but found [Incorrect email or password.]">
      <![CDATA[java.lang.AssertionError: expected [Incorrect email or sapassword.] but found [Incorrect email or password.]
at com.Initial.ErrorValidations.wrongLogin(ErrorValidations.java:14)
at java.base/java.util.ArrayList.forEach(ArrayList.java:1596)
at java.base/java.util.concurrent.FutureTask.run(FutureTask.java:317)
at java.base/java.util.concurrent.ThreadPoolExecutor.runWorker(ThreadPoolExecutor.java:1144)
at java.base/java.util.concurrent.ThreadPoolExecutor$Worker.run(ThreadPoolExecutor.java:642)
at java.base/java.lang.Thread.run(Thread.java:1583)
... Removed 21 stack frames]]>
    </failure>
  </testcase> <!-- wrongLogin -->
  <testcase classname="com.Initial.ErrorValidations" name="wrongLogin2" time="1.192"/>
</testsuite> <!-- Error Validation -->
