<?xml version="1.0" encoding="UTF-8"?>
<!-- Generated by org.testng.reporters.JUnitXMLReporter -->
<testsuite ignored="0" hostname="Zypherus-G14" failures="0" tests="3" name="Submit Order" time="20.384" errors="0" timestamp="2024-11-17T15:03:43 IST">
  <testcase classname="com.Initial.SubmitOrder" name="submitOrderIphone" time="5.053"/>
  <testcase classname="com.Initial.SubmitOrder" name="submitOrderIphone" time="5.081"/>
  <testcase classname="com.Initial.SubmitOrder" name="orderHistoryIphone" time="0.769"/>
</testsuite> <!-- Submit Order -->
