<?xml version="1.0" encoding="UTF-8"?>
<!-- Generated by org.testng.reporters.JUnitXMLReporter -->
<testsuite ignored="1" hostname="Zypherus-G14" failures="0" tests="2" name="Test" time="18.191" errors="0" timestamp="2024-11-15T14:09:33 IST">
  <testcase classname="com.Initial.SubmitOrder" name="submitOrderIphone" time="5.03"/>
  <testcase classname="com.Initial.SubmitOrder" name="submitOrderIphone" time="5.061"/>
  <testcase classname="com.Initial.SubmitOrder" name="orderHistoryIphone" time="0.0">
    <ignored/>
  </testcase> <!-- orderHistoryIphone -->
</testsuite> <!-- Test -->
