<?xml version="1.0" encoding="UTF-8"?>
<!-- Generated by org.testng.reporters.JUnitXMLReporter -->
<testsuite ignored="0" hostname="Zypherus-G14" failures="0" tests="3" name="Default test" time="19.821" errors="0" timestamp="2024-11-15T14:44:37 IST">
  <testcase classname="com.Initial.SubmitOrder" name="submitOrderIphone" time="5.029"/>
  <testcase classname="com.Initial.SubmitOrder" name="submitOrderIphone" time="4.91"/>
  <testcase classname="com.Initial.SubmitOrder" name="orderHistoryIphone" time="0.822"/>
</testsuite> <!-- Default test -->
