<?xml version="1.0" encoding="UTF-8"?>
<!-- Generated by org.testng.reporters.JUnitXMLReporter -->
<testsuite ignored="1" hostname="Zypherus-G14" failures="0" tests="1" name="Error Validation" time="4.421" errors="0" timestamp="2024-11-25T13:34:22 IST">
  <testcase classname="com.Initial.ErrorValidations" name="wrongLogin" time="1.064"/>
  <testcase classname="com.Initial.ErrorValidations" name="wrongLogin2" time="0.0">
    <ignored/>
  </testcase> <!-- wrongLogin2 -->
</testsuite> <!-- Error Validation -->
