<?xml version="1.0" encoding="UTF-8"?>
<!-- Generated by org.testng.reporters.JUnitXMLReporter -->
<testsuite ignored="0" hostname="Zypherus-G14" failures="0" tests="3" name="Submit Order" time="21.566" errors="0" timestamp="2024-11-17T16:02:27 IST">
  <testcase classname="com.Initial.SubmitOrder" name="submitOrderIphone" time="5.1"/>
  <testcase classname="com.Initial.SubmitOrder" name="submitOrderIphone" time="5.485"/>
  <testcase classname="com.Initial.SubmitOrder" name="orderHistoryIphone" time="0.706"/>
</testsuite> <!-- Submit Order -->
