<?xml version="1.0" encoding="UTF-8"?>
<!-- Generated by org.testng.reporters.JUnitXMLReporter -->
<testsuite ignored="2" hostname="Zypherus-G14" failures="0" tests="0" time="0.014" errors="0" timestamp="2024-11-25T13:34:17 IST">
  <testcase classname="com.Initial.SubmitOrder" name="orderHistoryIphone" time="0.0">
    <ignored/>
  </testcase> <!-- orderHistoryIphone -->
  <testcase classname="com.Initial.SubmitOrder" name="submitOrderIphone" time="0.0">
    <ignored/>
  </testcase> <!-- submitOrderIphone -->
</testsuite>
