<?xml version="1.0" encoding="UTF-8"?>
<!-- Generated by org.testng.reporters.JUnitXMLReporter -->
<testsuite ignored="0" hostname="Zypherus-G14" failures="0" tests="3" name="Test" time="23.226" errors="0" timestamp="2024-11-17T15:47:16 IST">
  <testcase classname="com.Initial.SubmitOrder" name="submitOrderIphone" time="5.06"/>
  <testcase classname="com.Initial.SubmitOrder" name="submitOrderIphone" time="4.862"/>
  <testcase classname="com.Initial.SubmitOrder" name="orderHistoryIphone" time="0.665"/>
</testsuite> <!-- Test -->
