<?xml version="1.0" encoding="UTF-8"?>
<testng-results ignored="0" total="1" passed="1" failed="0" skipped="0">
  <reporter-output>
  </reporter-output>
  <suite started-at="2024-11-25T13:37:28 IST" name="Submit Order" finished-at="2024-11-25T13:37:33 IST" duration-ms="4823">
    <groups>
      <group name="Error Handling">
        <method signature="ErrorValidations.wrongLogin()[pri:0, instance:com.Initial.ErrorValidations@14cd1699]" name="wrongLogin" class="com.Initial.ErrorValidations"/>
      </group> <!-- Error Handling -->
    </groups>
    <test started-at="2024-11-25T13:37:28 IST" name="Test" finished-at="2024-11-25T13:37:28 IST" duration-ms="11">
    </test> <!-- Test -->
    <test started-at="2024-11-25T13:37:28 IST" name="Error Validation" finished-at="2024-11-25T13:37:33 IST" duration-ms="4823">
      <class name="com.Initial.ErrorValidations">
        <test-method is-config="true" signature="launchURL()[pri:0, instance:com.Initial.ErrorValidations@14cd1699]" started-at="2024-11-25T13:37:28 IST" name="launchURL" finished-at="2024-11-25T13:37:33 IST" duration-ms="4153" status="PASS">
          <reporter-output>
          </reporter-output>
        </test-method> <!-- launchURL -->
        <test-method signature="wrongLogin()[pri:0, instance:com.Initial.ErrorValidations@14cd1699]" started-at="2024-11-25T13:37:33 IST" name="wrongLogin" finished-at="2024-11-25T13:37:33 IST" duration-ms="505" status="PASS">
          <reporter-output>
          </reporter-output>
        </test-method> <!-- wrongLogin -->
        <test-method is-config="true" signature="closeBroswer()[pri:0, instance:com.Initial.ErrorValidations@14cd1699]" started-at="2024-11-25T13:37:33 IST" name="closeBroswer" finished-at="2024-11-25T13:37:33 IST" duration-ms="111" status="PASS">
          <reporter-output>
          </reporter-output>
        </test-method> <!-- closeBroswer -->
      </class> <!-- com.Initial.ErrorValidations -->
    </test> <!-- Error Validation -->
  </suite> <!-- Submit Order -->
</testng-results>
